datetimepicker-library/build/outputs/logs/manifest-merger-release-report.txt
-- Merging decision tree log ---
manifest
ADDED from Simaspay-Android/datetimepicker-library/AndroidManifest.xml:1:1-6:12
INJECTED from Simaspay-Android/datetimepicker-library/AndroidManifest.xml:1:1-6:12
INJECTED from Simaspay-Android/datetimepicker-library/AndroidManifest.xml:1:1-6:12
	package
		ADDED from Simaspay-Android/datetimepicker-library/AndroidManifest.xml:2:5-41
		INJECTED from Simaspay-Android/datetimepicker-library/AndroidManifest.xml
		INJECTED from Simaspay-Android/datetimepicker-library/AndroidManifest.xml
	xmlns:android
		ADDED from Simaspay-Android/datetimepicker-library/AndroidManifest.xml:1:11-69
application
ADDED from Simaspay-Android/datetimepicker-library/AndroidManifest.xml:4:5-20
uses-sdk
INJECTED from Simaspay-Android/datetimepicker-library/AndroidManifest.xml reason: use-sdk injection requested
INJECTED from Simaspay-Android/datetimepicker-library/AndroidManifest.xml
INJECTED from Simaspay-Android/datetimepicker-library/AndroidManifest.xml
INJECTED from Simaspay-Android/datetimepicker-library/AndroidManifest.xml
INJECTED from Simaspay-Android/datetimepicker-library/AndroidManifest.xml
	android:targetSdkVersion
		INJECTED from Simaspay-Android/datetimepicker-library/AndroidManifest.xml
		ADDED from Simaspay-Android/datetimepicker-library/AndroidManifest.xml
		INJECTED from Simaspay-Android/datetimepicker-library/AndroidManifest.xml
	android:minSdkVersion
		INJECTED from Simaspay-Android/datetimepicker-library/AndroidManifest.xml
		ADDED from Simaspay-Android/datetimepicker-library/AndroidManifest.xml
		INJECTED from Simaspay-Android/datetimepicker-library/AndroidManifest.xml